IOR-3.0.1: MPI Coordinated Test of Parallel I/O

Began: Fri Dec 14 15:56:41 2018
Command line used: /global/u2/g/glock/darshan-scooper/ior/src/ior
Machine: Linux nid00428

Test 0 started: Fri Dec 14 15:56:41 2018
Summary:
	api                = MPIIO (version=3, subversion=1)
	test filename      = testFile
	access             = single-shared-file
	ordering in a file = sequential offsets
	ordering inter file= no tasks offsets
	clients            = 16 (4 per node)
	repetitions        = 1
	xfersize           = 262144 bytes
	blocksize          = 1 MiB
	aggregate filesize = 16 MiB

access    bw(MiB/s)  block(KiB) xfer(KiB)  open(s)    wr/rd(s)   close(s)   total(s)   iter
------    ---------  ---------- ---------  --------   --------   --------   --------   ----
write     347.19     1024.00    256.00     0.008672   0.020593   0.021989   0.046084   0   
read      1423.22    1024.00    256.00     0.004030   0.003530   0.004359   0.011242   0   
remove    -          -          -          -          -          -          0.000983   0   

Max Write: 347.19 MiB/sec (364.06 MB/sec)
Max Read:  1423.22 MiB/sec (1492.35 MB/sec)

Summary of all tests:
Operation   Max(MiB)   Min(MiB)  Mean(MiB)     StdDev    Mean(s) Test# #Tasks tPN reps fPP reord reordoff reordrand seed segcnt blksiz xsize aggsize API RefNum
write         347.19     347.19     347.19       0.00    0.04608 0 16 4 1 0 0 1 0 0 1 1048576 262144 16777216 MPIIO 0
read         1423.22    1423.22    1423.22       0.00    0.01124 0 16 4 1 0 0 1 0 0 1 1048576 262144 16777216 MPIIO 0

Finished: Fri Dec 14 15:56:41 2018
